生成启动时间为 2019/8/28 21:41:37。
     1>项目“E:\Ccode\c++exercise\c++exercise\c++exercise.vcxproj”在节点 2 上(build 个目标)。
     1>InitializeBuildStatus:
         正在创建“Debug\c++exercise.unsuccessfulbuild”，因为已指定“AlwaysCreate”。
       ClCompile:
         D:\Program Files (x86)\Microsoft Visual Studio 10.0\VC\bin\CL.exe /c /ZI /nologo /W3 /WX- /Od /Oy- /D WIN32 /D _DEBUG /D _CONSOLE /D _UNICODE /D UNICODE /Gm /EHsc /RTC1 /MDd /GS /fp:precise /Zc:wchar_t /Zc:forScope /Fo"Debug\\" /Fd"Debug\vc100.pdb" /Gd /TP /analyze- /errorReport:prompt class_execisee.cpp
         class_execisee.cpp
     1>e:\ccode\c++exercise\c++exercise\class_execisee.cpp(192): warning C4101: “n”: 未引用的局部变量
     1>e:\ccode\c++exercise\c++exercise\class_execisee.cpp(189): warning C4101: “num”: 未引用的局部变量
     1>e:\ccode\c++exercise\c++exercise\class_execisee.cpp(190): warning C4101: “len”: 未引用的局部变量
     1>e:\ccode\c++exercise\c++exercise\class_execisee.cpp(192): warning C4101: “m”: 未引用的局部变量
       ManifestResourceCompile:
         所有输出均为最新。
       Link:
         D:\Program Files (x86)\Microsoft Visual Studio 10.0\VC\bin\link.exe /ERRORREPORT:PROMPT /OUT:"E:\Ccode\c++exercise\Debug\c++exercise.exe" /INCREMENTAL /NOLOGO kernel32.lib user32.lib gdi32.lib winspool.lib comdlg32.lib advapi32.lib shell32.lib ole32.lib oleaut32.lib uuid.lib odbc32.lib odbccp32.lib /MANIFEST /ManifestFile:"Debug\c++exercise.exe.intermediate.manifest" /MANIFESTUAC:"level='asInvoker' uiAccess='false'" /DEBUG /PDB:"E:\Ccode\c++exercise\Debug\c++exercise.pdb" /SUBSYSTEM:CONSOLE /TLBID:1 /DYNAMICBASE /NXCOMPAT /IMPLIB:"E:\Ccode\c++exercise\Debug\c++exercise.lib" /MACHINE:X86 Debug\c++exercise.exe.embed.manifest.res
         Debug\circle.obj
         Debug\circle_for_dot.obj
         Debug\class_execisee.obj
         Debug\day2_quote.obj
         Debug\dynamic_array.obj
         Debug\hello.obj
         Debug\myteacher.obj
       Manifest:
         C:\Program Files (x86)\Microsoft SDKs\Windows\v7.0A\bin\mt.exe /nologo /verbose /out:"Debug\c++exercise.exe.embed.manifest" /manifest Debug\c++exercise.exe.intermediate.manifest
         所有输出均为最新。
       LinkEmbedManifest:
         所有输出均为最新。
         c++exercise.vcxproj -> E:\Ccode\c++exercise\Debug\c++exercise.exe
       FinalizeBuildStatus:
         正在删除文件“Debug\c++exercise.unsuccessfulbuild”。
         正在对“Debug\c++exercise.lastbuildstate”执行 Touch 任务。
     1>已完成生成项目“E:\Ccode\c++exercise\c++exercise\c++exercise.vcxproj”(build 个目标)的操作。

生成成功。

已用时间 00:00:01.03
